Base path: G:/Unity 5/Editor/Data
Pipe name: \\.\pipe\UnityShaderCompiler-64bit-1-6860
Cmd: getPlatforms
Cmd: compileSnippet
  api=5 type=0 insize=3272 outsize=1293 kw= ok=1
Cmd: compileSnippet
  api=5 type=1 insize=3272 outsize=6 kw= ok=1
Cmd: compileSnippet
  api=5 type=0 insize=3270 outsize=1171 kw= ok=1
Cmd: compileSnippet
  api=5 type=1 insize=3270 outsize=6 kw= ok=1
Cmd: compileSnippet
  api=5 type=0 insize=3277 outsize=2391 kw= ok=1
Cmd: compileSnippet
  api=5 type=1 insize=3277 outsize=6 kw= ok=1
Cmd: compileSnippet
  api=5 type=0 insize=1245 outsize=1518 kw= ok=1
Cmd: compileSnippet
  api=5 type=1 insize=1245 outsize=6 kw= ok=1
Cmd: compileSnippet
  api=5 type=0 insize=1345 outsize=1850 kw= ok=1
Cmd: compileSnippet
  api=5 type=1 insize=1345 outsize=6 kw= ok=1
